d:\chhavisharma\project0-getting-started\cuda-getting-started\build\lib\debug\cis565_getting_started.lib
d:\chhavisharma\project0-getting-started\cuda-getting-started\build\lib\debug\cis565_getting_started.exp
d:\chhavisharma\project0-getting-started\cuda-getting-started\build\cis565_getting_started.dir\debug\vc140.pdb
d:\chhavisharma\project0-getting-started\cuda-getting-started\build\cis565_getting_started.dir\debug\main.obj
d:\chhavisharma\project0-getting-started\cuda-getting-started\build\cis565_getting_started.dir\debug\glslutility.obj
d:\chhavisharma\project0-getting-started\cuda-getting-started\build\cmakefiles\cis565_getting_started.dir\src\debug\cis565_getting_started_generated_kernel.cu.obj
d:\chhavisharma\project0-getting-started\cuda-getting-started\build\cmakefiles\generate.stamp
d:\chhavisharma\project0-getting-started\cuda-getting-started\build\bin\debug\cis565_getting_started.ilk
d:\chhavisharma\project0-getting-started\cuda-getting-started\build\bin\debug\cis565_getting_started.exe
d:\chhavisharma\project0-getting-started\cuda-getting-started\build\bin\debug\cis565_getting_started.pdb
d:\chhavisharma\project0-getting-started\cuda-getting-started\build\cis565_getting_started.dir\debug\cis565_g.68c700b1.tlog\cis565_getting_started.write.1u.tlog
d:\chhavisharma\project0-getting-started\cuda-getting-started\build\cis565_getting_started.dir\debug\cis565_g.68c700b1.tlog\cl.command.1.tlog
d:\chhavisharma\project0-getting-started\cuda-getting-started\build\cis565_getting_started.dir\debug\cis565_g.68c700b1.tlog\cl.read.1.tlog
d:\chhavisharma\project0-getting-started\cuda-getting-started\build\cis565_getting_started.dir\debug\cis565_g.68c700b1.tlog\cl.write.1.tlog
d:\chhavisharma\project0-getting-started\cuda-getting-started\build\cis565_getting_started.dir\debug\cis565_g.68c700b1.tlog\custombuild.command.1.tlog
d:\chhavisharma\project0-getting-started\cuda-getting-started\build\cis565_getting_started.dir\debug\cis565_g.68c700b1.tlog\custombuild.read.1.tlog
d:\chhavisharma\project0-getting-started\cuda-getting-started\build\cis565_getting_started.dir\debug\cis565_g.68c700b1.tlog\custombuild.write.1.tlog
d:\chhavisharma\project0-getting-started\cuda-getting-started\build\cis565_getting_started.dir\debug\cis565_g.68c700b1.tlog\link.command.1.tlog
d:\chhavisharma\project0-getting-started\cuda-getting-started\build\cis565_getting_started.dir\debug\cis565_g.68c700b1.tlog\link.read.1.tlog
d:\chhavisharma\project0-getting-started\cuda-getting-started\build\cis565_getting_started.dir\debug\cis565_g.68c700b1.tlog\link.write.1.tlog
