  Building NVCC (Device) object CMakeFiles/cis565_getting_started.dir/src/Debug/cis565_getting_started_generated_kernel.cu.obj
  -- Removing D:/ChhaviSharma/Project0-Getting-Started/cuda-getting-started/build/CMakeFiles/cis565_getting_started.dir/src/Debug/cis565_getting_started_generated_kernel.cu.obj
  "C:/Program Files/CMake/bin/cmake.exe" -E remove D:/ChhaviSharma/Project0-Getting-Started/cuda-getting-started/build/CMakeFiles/cis565_getting_started.dir/src/Debug/cis565_getting_started_generated_kernel.cu.obj
  -- Generating dependency file: D:/ChhaviSharma/Project0-Getting-Started/cuda-getting-started/build/CMakeFiles/cis565_getting_started.dir/src/cis565_getting_started_generated_kernel.cu.obj.NVCC-depend
  "C:/Program Files/NVIDIA GPU Computing Toolkit/CUDA/v10.0/bin/nvcc.exe" -M -D__CUDACC__ D:/ChhaviSharma/Project0-Getting-Started/cuda-getting-started/src/kernel.cu -o D:/ChhaviSharma/Project0-Getting-Started/cuda-getting-started/build/CMakeFiles/cis565_getting_started.dir/src/cis565_getting_started_generated_kernel.cu.obj.NVCC-depend -ccbin "C:/Program Files (x86)/Microsoft Visual Studio 14.0/VC/bin/x86_amd64/cl.exe" -m64 -DCUDA_COMPUTE_30 -DCUDA_COMPUTE_50 -DCUDA_COMPUTE_60 -DCUDA_COMPUTE_70 -DGLEW_STATIC -Xcompiler ,\"/DWIN32\",\"/D_WINDOWS\",\"/W3\",\"/GR\",\"/EHsc\",\"/MDd\",\"/Zi\",\"/Ob0\",\"/Od\",\"/RTC1\" -gencode arch=compute_30,code=sm_30 -gencode arch=compute_50,code=sm_50 -gencode arch=compute_60,code=sm_60 -gencode arch=compute_70,code=sm_70 -g -G -DNVCC "-IC:/Program Files/NVIDIA GPU Computing Toolkit/CUDA/v10.0/include" -ID:/ChhaviSharma/Project0-Getting-Started/cuda-getting-started/external/include
  kernel.cu
  -- Generating temporary cmake readable file: D:/ChhaviSharma/Project0-Getting-Started/cuda-getting-started/build/CMakeFiles/cis565_getting_started.dir/src/cis565_getting_started_generated_kernel.cu.obj.depend.tmp
  "C:/Program Files/CMake/bin/cmake.exe" -D input_file:FILEPATH=D:/ChhaviSharma/Project0-Getting-Started/cuda-getting-started/build/CMakeFiles/cis565_getting_started.dir/src/cis565_getting_started_generated_kernel.cu.obj.NVCC-depend -D output_file:FILEPATH=D:/ChhaviSharma/Project0-Getting-Started/cuda-getting-started/build/CMakeFiles/cis565_getting_started.dir/src/cis565_getting_started_generated_kernel.cu.obj.depend.tmp -D verbose=ON -P "C:/Program Files/CMake/share/cmake-3.14/Modules/FindCUDA/make2cmake.cmake"
  -- Copy if different D:/ChhaviSharma/Project0-Getting-Started/cuda-getting-started/build/CMakeFiles/cis565_getting_started.dir/src/cis565_getting_started_generated_kernel.cu.obj.depend.tmp to D:/ChhaviSharma/Project0-Getting-Started/cuda-getting-started/build/CMakeFiles/cis565_getting_started.dir/src/cis565_getting_started_generated_kernel.cu.obj.depend
  "C:/Program Files/CMake/bin/cmake.exe" -E copy_if_different D:/ChhaviSharma/Project0-Getting-Started/cuda-getting-started/build/CMakeFiles/cis565_getting_started.dir/src/cis565_getting_started_generated_kernel.cu.obj.depend.tmp D:/ChhaviSharma/Project0-Getting-Started/cuda-getting-started/build/CMakeFiles/cis565_getting_started.dir/src/cis565_getting_started_generated_kernel.cu.obj.depend
  -- Removing D:/ChhaviSharma/Project0-Getting-Started/cuda-getting-started/build/CMakeFiles/cis565_getting_started.dir/src/cis565_getting_started_generated_kernel.cu.obj.depend.tmp and D:/ChhaviSharma/Project0-Getting-Started/cuda-getting-started/build/CMakeFiles/cis565_getting_started.dir/src/cis565_getting_started_generated_kernel.cu.obj.NVCC-depend
  "C:/Program Files/CMake/bin/cmake.exe" -E remove D:/ChhaviSharma/Project0-Getting-Started/cuda-getting-started/build/CMakeFiles/cis565_getting_started.dir/src/cis565_getting_started_generated_kernel.cu.obj.depend.tmp D:/ChhaviSharma/Project0-Getting-Started/cuda-getting-started/build/CMakeFiles/cis565_getting_started.dir/src/cis565_getting_started_generated_kernel.cu.obj.NVCC-depend
  -- Generating D:/ChhaviSharma/Project0-Getting-Started/cuda-getting-started/build/CMakeFiles/cis565_getting_started.dir/src/Debug/cis565_getting_started_generated_kernel.cu.obj
  "C:/Program Files/NVIDIA GPU Computing Toolkit/CUDA/v10.0/bin/nvcc.exe" D:/ChhaviSharma/Project0-Getting-Started/cuda-getting-started/src/kernel.cu -c -o D:/ChhaviSharma/Project0-Getting-Started/cuda-getting-started/build/CMakeFiles/cis565_getting_started.dir/src/Debug/cis565_getting_started_generated_kernel.cu.obj -ccbin "C:/Program Files (x86)/Microsoft Visual Studio 14.0/VC/bin/x86_amd64/cl.exe" -m64 -DCUDA_COMPUTE_30 -DCUDA_COMPUTE_50 -DCUDA_COMPUTE_60 -DCUDA_COMPUTE_70 -DGLEW_STATIC -Xcompiler ,\"/DWIN32\",\"/D_WINDOWS\",\"/W3\",\"/GR\",\"/EHsc\",\"/MDd\",\"/Zi\",\"/Ob0\",\"/Od\",\"/RTC1\" -gencode arch=compute_30,code=sm_30 -gencode arch=compute_50,code=sm_50 -gencode arch=compute_60,code=sm_60 -gencode arch=compute_70,code=sm_70 -g -G -DNVCC "-IC:/Program Files/NVIDIA GPU Computing Toolkit/CUDA/v10.0/include" -ID:/ChhaviSharma/Project0-Getting-Started/cuda-getting-started/external/include
  kernel.cu
D:/ChhaviSharma/Project0-Getting-Started/cuda-getting-started/src/kernel.cu(68): warning C4996: 'cudaThreadSynchronize': was declared deprecated
  c:\program files\nvidia gpu computing toolkit\cuda\v10.0\include\cuda_runtime_api.h(947): note: see declaration of 'cudaThreadSynchronize'
  Generated D:/ChhaviSharma/Project0-Getting-Started/cuda-getting-started/build/CMakeFiles/cis565_getting_started.dir/src/Debug/cis565_getting_started_generated_kernel.cu.obj successfully.
  Building Custom Rule D:/ChhaviSharma/Project0-Getting-Started/cuda-getting-started/CMakeLists.txt
  CMake does not need to re-run because D:/ChhaviSharma/Project0-Getting-Started/cuda-getting-started/build/CMakeFiles/generate.stamp is up-to-date.
  glslUtility.cpp
  main.cpp
D:\ChhaviSharma\Project0-Getting-Started\cuda-getting-started\src\main.cpp(94): warning C4996: 'cudaGLRegisterBufferObject': was declared deprecated
  C:\Program Files\NVIDIA GPU Computing Toolkit\CUDA\v10.0\include\cuda_gl_interop.h(327): note: see declaration of 'cudaGLRegisterBufferObject'
D:\ChhaviSharma\Project0-Getting-Started\cuda-getting-started\src\main.cpp(135): warning C4996: 'cudaGLSetGLDevice': was declared deprecated
  C:\Program Files\NVIDIA GPU Computing Toolkit\CUDA\v10.0\include\cuda_gl_interop.h(305): note: see declaration of 'cudaGLSetGLDevice'
D:\ChhaviSharma\Project0-Getting-Started\cuda-getting-started\src\main.cpp(169): warning C4996: 'cudaGLMapBufferObject': was declared deprecated
  C:\Program Files\NVIDIA GPU Computing Toolkit\CUDA\v10.0\include\cuda_gl_interop.h(356): note: see declaration of 'cudaGLMapBufferObject'
D:\ChhaviSharma\Project0-Getting-Started\cuda-getting-started\src\main.cpp(175): warning C4996: 'cudaGLUnmapBufferObject': was declared deprecated
  C:\Program Files\NVIDIA GPU Computing Toolkit\CUDA\v10.0\include\cuda_gl_interop.h(382): note: see declaration of 'cudaGLUnmapBufferObject'
D:\ChhaviSharma\Project0-Getting-Started\cuda-getting-started\src\main.cpp(224): warning C4996: 'cudaGLUnregisterBufferObject': was declared deprecated
  C:\Program Files\NVIDIA GPU Computing Toolkit\CUDA\v10.0\include\cuda_gl_interop.h(404): note: see declaration of 'cudaGLUnregisterBufferObject'
  Generating Code...
     Creating library D:/ChhaviSharma/Project0-Getting-Started/cuda-getting-started/build/lib/Debug/cis565_getting_started.lib and object D:/ChhaviSharma/Project0-Getting-Started/cuda-getting-started/build/lib/Debug/cis565_getting_started.exp
LINK : warning LNK4098: defaultlib 'LIBCMT' conflicts with use of other libs; use /NODEFAULTLIB:library
glew32s.lib(glew.obj) : warning LNK4099: PDB 'vc120.pdb' was not found with 'glew32s.lib(glew.obj)' or at 'D:\ChhaviSharma\Project0-Getting-Started\cuda-getting-started\build\bin\Debug\vc120.pdb'; linking object as if no debug info
  cis565_getting_started.vcxproj -> D:\ChhaviSharma\Project0-Getting-Started\cuda-getting-started\build\bin\Debug\cis565_getting_started.exe
  cis565_getting_started.vcxproj -> D:/ChhaviSharma/Project0-Getting-Started/cuda-getting-started/build/bin/Debug/cis565_getting_started.pdb (Full PDB)
